<?xml version="1.0" encoding="UTF-8"?>
<testsuites name="ExploreCURA" time="25.342" tests="1" failures="0" errors="0">
   <testsuite name="ExploreCURA" tests="1" failures="0" errors="0" time="25.342" skipped="0" timestamp="2025-10-02T02:32:21.810Z" hostname="USER - DESKTOP-3K0QPKE.mshome.net" id="Test Suites/ExploreCURA">
      <properties>
         <property name="deviceName" value=""/>
         <property name="devicePlatform"/>
         <property name="logFolder" value="C:\\Users\\USER\\git\\qa-katalon-project\\Reports\\20251002_033206\\ExploreCURA\\20251002_033206"/>
         <property name="logFiles" value="C:\\Users\\USER\\git\\qa-katalon-project\\Reports\\20251002_033206\\ExploreCURA\\20251002_033206\\console0.log, C:\\Users\\USER\\git\\qa-katalon-project\\Reports\\20251002_033206\\ExploreCURA\\20251002_033206\\execution0.log"/>
         <property name="attachments" value=""/>
         <property name="hostName" value="USER - DESKTOP-3K0QPKE.mshome.net"/>
         <property name="os" value="Windows 10 64bit"/>
         <property name="katalonVersion" value="10.3.2.0"/>
         <property name="browser" value="Chrome 140.0.7339.208"/>
         <property name="userFullName" value="Ifechimenim Ikwukala-Mbas"/>
         <property name="hostAddress" value="192.168.137.1"/>
         <property name="sessionId" value="f4c92a04635d24cd578514a0ce02bb50"/>
         <property name="projectName" value="qa-katalon-project"/>
         <property name="seleniumVersion" value="4.28.1"/>
         <property name="proxyInformation" value="ProxyInformation { proxyOption=NO_PROXY, proxyServerType=HTTP, username=, password=********, proxyServerAddress=, proxyServerPort=0, executionList=&quot;&quot;, isApplyToDesiredCapabilities=true }"/>
         <property name="platform" value="Windows 10"/>
      </properties>
      <testcase name="Test Cases/Navigation" time="8.056" classname="Test Cases/Navigation" status="PASSED">
         <system-out><![CDATA[02-10-2025T03:32:39 - [TEST_CASE][PASSED] - Test Cases/Navigation: Test Cases/Navigation

02-10-2025T03:32:39 - [TEST_STEP][PASSED] - Start listener action : sampleBeforeTestCase: null

02-10-2025T03:32:39 - [TEST_STEP][PASSED] - println(testCaseContext.getTestCaseId()): null

02-10-2025T03:32:39 - [TEST_STEP][PASSED] - println(testCaseContext.getTestCaseVariables()): null

02-10-2025T03:32:39 - [TEST_STEP][PASSED] - verifyMatch(getWindowTitle(), "CURA Healthcare Service", false): Actual text 'CURA Healthcare Service' and expected text 'CURA Healthcare Service' are matched 

02-10-2025T03:32:39 - [MESSAGE][PASSED] - Current window's title is: 'CURA Healthcare Service'

02-10-2025T03:32:39 - [MESSAGE][PASSED] - Actual text 'CURA Healthcare Service' and expected text 'CURA Healthcare Service' are matched 

02-10-2025T03:32:39 - [TEST_STEP][PASSED] - click(findTestObject("Object Repository/Page_CURA Healthcare Service/a_CURA Healthcare_menu-toggle")): Object: 'Object Repository/Page_CURA Healthcare Service/a_CURA Healthcare_menu-toggle' is clicked on

02-10-2025T03:32:42 - [MESSAGE][PASSED] - Object: 'Object Repository/Page_CURA Healthcare Service/a_CURA Healthcare_menu-toggle' is clicked on

02-10-2025T03:32:42 - [TEST_STEP][PASSED] - click(findTestObject("Object Repository/Page_CURA Healthcare Service/LoginBtn")): Object: 'Object Repository/Page_CURA Healthcare Service/LoginBtn' is clicked on

02-10-2025T03:32:46 - [MESSAGE][PASSED] - Object: 'Object Repository/Page_CURA Healthcare Service/LoginBtn' is clicked on

02-10-2025T03:32:46 - [TEST_STEP][PASSED] - Start listener action : sampleAfterTestCase: null

02-10-2025T03:32:46 - [TEST_STEP][PASSED] - println(testCaseContext.getTestCaseId()): null

02-10-2025T03:32:47 - [TEST_STEP][PASSED] - println(testCaseContext.getTestCaseStatus()): null]]></system-out>
         <system-err><![CDATA[]]></system-err>
      </testcase>
      <system-out><![CDATA[02-10-2025T03:32:21 - [TEST_STEP][PASSED] - Start listener action : sampleBeforeTestSuite: Browser is opened with url: 'https://katalon-demo-cura.herokuapp.com/'

02-10-2025T03:32:22 - [TEST_STEP][PASSED] - println(testSuiteContext.getTestSuiteId()): null

02-10-2025T03:32:22 - [TEST_STEP][PASSED] - openBrowser("https://katalon-demo-cura.herokuapp.com/"): Browser is opened with url: 'https://katalon-demo-cura.herokuapp.com/'

02-10-2025T03:32:23 - [MESSAGE][INFO] - Starting 'Chrome' driver

02-10-2025T03:32:23 - [MESSAGE][INFO] - Action delay is set to 0 milliseconds

02-10-2025T03:32:37 - [MESSAGE][PASSED] - Browser is opened with url: 'https://katalon-demo-cura.herokuapp.com/'

02-10-2025T03:32:21 - [TEST_SUITE][PASSED] - ExploreCURA: null

02-10-2025T03:32:47 - [TEST_STEP][PASSED] - Start listener action : sampleAfterTestSuite: Browser is closed

02-10-2025T03:32:47 - [TEST_STEP][PASSED] - println(testSuiteContext.getTestSuiteId()): null

02-10-2025T03:32:47 - [TEST_STEP][PASSED] - closeBrowser(): Browser is closed

02-10-2025T03:32:48 - [MESSAGE][PASSED] - Browser is closed]]></system-out>
      <system-err><![CDATA[]]></system-err>
   </testsuite>
</testsuites>
